5ac80934-61ae-4f9f-a922-dec2bd9d1888cliente2024-03-12 23:42:09 - Postergação Resultado para cnpj : '00303780000149'
88673b4a-40f8-42c1-ae4e-f98eebf93b2fcliente2024-03-12 23:42:37 - Postergação Resultado para cnpj : '00303780000149'
a83edf8d-4a46-49e5-8ce1-d3ac1b073ef0cliente2024-03-12 23:42:58 - Postergação Resultado para cnpj : '00303780000149'
682a5e8a-fbb6-494b-8a12-3ed2938e953acliente2024-03-12 23:43:19 - Postergação Resultado para cnpj : '00303780000149'
552785c5-f5dd-49a4-a49c-f96c7a6fd0d5cliente2024-03-12 23:43:40 - Postergação Resultado para cnpj : '00303780000149'
af73cafc-44a3-45dd-8513-860b63b4c155cliente2024-03-12 23:51:10 - Postergação Resultado para cnpj : '83646984006906'
90ba42cb-015a-4579-a91a-e857bf1cc289cliente2024-03-12 23:54:31 - Postergação Resultado para cnpj : '07601894000114'
418cd979-2401-474f-8eeb-ac9cdbeae6f2cliente2024-03-13 09:22:57 - Postergação Resultado para cnpj : '00303780000149'
47d45a01-254e-4932-9625-ac6537acd969cliente2024-03-13 09:23:11 - Postergação Resultado para cnpj : '00303780000149'
3a1987f3-585c-4cea-ba52-db0d5c53379fcliente2024-03-13 09:23:23 - Postergação Resultado para cnpj : '00303780000149'
9fada764-7191-42f1-a1cf-7bf45afcf79bcliente2024-03-13 09:23:36 - Postergação Resultado para cnpj : '00303780000149'
077ba3db-eb21-4896-8b5b-f908e2577609fornecedorfornecedor341841.682024-03-132024-03-13 09:23:52 - Resultado para antecipada: '34'
2024-03-13 09:23:52 - Resultado para CNPJ: '92682038000100'
78a0fbf2-50a4-4129-bb53-d0ab74901c7efornecedorfornecedor351761.102024-03-132024-03-13 09:24:04 - Resultado para antecipada: '35'
2024-03-13 09:24:04 - Resultado para CNPJ: '92682038000100'
1f96759f-4062-441d-89c5-c949effd848cfornecedorfornecedor36210.012024-03-132024-03-13 09:24:18 - Resultado para antecipada: '36'
2024-03-13 09:24:18 - Resultado para CNPJ: '72381189001001'
0d8a8515-e987-4596-bbbc-4f3a6a096b39fornecedorfornecedor374673.842024-03-132024-03-13 09:24:39 - Resultado para antecipada: '37'
2024-03-13 09:24:39 - Resultado para CNPJ: '72381189001001'
84f380d1-4f4a-4b56-903c-88367702aca8fornecedorfornecedor38745.192024-03-132024-03-13 09:25:00 - Resultado para antecipada: '38'
2024-03-13 09:25:00 - Resultado para CNPJ: '72381189001001'
15cb6ed3-ea6f-4ea8-ac04-41ee7de9f8a3fornecedorfornecedor39185.592024-03-132024-03-13 09:25:15 - Resultado para antecipada: '39'
2024-03-13 09:25:15 - Resultado para CNPJ: '72381189001001'
e784bf9c-1ab2-47b0-80fb-0af486451a9ffornecedorfornecedor40189.322024-03-132024-03-13 09:25:31 - Resultado para antecipada: '40'
2024-03-13 09:25:31 - Resultado para CNPJ: '72381189001001'
1c3b022b-bcf7-49e1-930c-49233f75f848fornecedorfornecedor414454.932024-03-132024-03-13 09:26:01 - Resultado para antecipada: '41'
2024-03-13 09:26:01 - Resultado para CNPJ: '72381189001001'
b49ee212-280b-41b5-b14e-9dd64378856afornecedorfornecedor42194.042024-03-132024-03-13 09:26:15 - Resultado para antecipada: '42'
2024-03-13 09:26:15 - Resultado para CNPJ: '72381189001001'
98643871-f6d0-499b-9119-5ea823631124fornecedorfornecedor43198.522024-03-132024-03-13 09:26:30 - Resultado para antecipada: '43'
2024-03-13 09:26:30 - Resultado para CNPJ: '72381189001001'
7a865e3f-39eb-403a-8b8d-2267eafcfbd9fornecedorfornecedor444879.072024-03-132024-03-13 09:26:46 - Resultado para antecipada: '44'
2024-03-13 09:26:46 - Resultado para CNPJ: '72381189001001'
b3575e4c-581d-4114-aab3-cecf09a477ccfornecedorfornecedor45777.052024-03-132024-03-13 09:27:44 - Resultado para antecipada: '45'
2024-03-13 09:27:44 - Resultado para CNPJ: '72381189001001'
9f326e21-8cc3-4871-97e5-2a146ad9f22cfornecedorfornecedor46807.812024-03-132024-03-13 09:28:27 - Resultado para antecipada: '46'
2024-03-13 09:28:27 - Resultado para CNPJ: '72381189001001'
caad07e3-ce2a-49a6-b149-a354da6f5320fornecedorfornecedor47202.172024-03-132024-03-13 09:28:46 - Resultado para antecipada: '47'
2024-03-13 09:28:46 - Resultado para CNPJ: '72381189001001'
3981172f-a3e1-45ef-8849-77981e867a1742abf869-c9cb-446f-bf8a-d2c349d55e6434d82965-dc15-4c0b-86d5-527c565aa2f83dd5add3-20dc-487f-a27e-6809f80320c434b5b6ae-6688-486d-b555-bb9f369a2f4cba5d6263-825e-450a-9544-4cb96188de7bd7ac1e77-e8ab-4dc8-84a5-d060056ae36a058250f0-2b92-49e4-9b2c-52b793738349eff159d7-0997-460f-b63f-32b1472311e9a54f9775-a662-45b5-bb30-e50bdc8263ca89f91812-2b77-499c-bebd-6316ebde70e6bcb8d1cf-6d18-40cc-85c7-1291489c9c4c08f02658-0605-4325-9535-c6d95ef86ef772154e1b-4f39-42e8-ad5b-a96e6deed388589718b3-b92c-492d-aacd-5a05c94e0cc270829ae7-9239-4f36-9ac4-8bf640a3eb723f4b4677-edfb-477e-8f37-ab4857504a9e7f097493-0146-4f1b-815c-af25b61f463b2c17cb51-f649-466a-b072-95ad59185c250b298b05-1e40-4660-8870-e9610d2b148df1390d8a-d779-43fb-a521-6006c47e5e2758bde191-92e6-4d0b-a1e6-e6dd9dcce26c75ba5904-b494-43b6-9e3e-aa53b5ac06913e4f3f08-aabd-41e4-a56a-0e6e8af76743