facab6be-5276-47ba-a2af-01569948a404fornecedorfornecedor1718453.502024-03-062024-03-06 10:29:49 - Resultado para antecipada: '17'
2024-03-06 10:29:49 - Resultado para CNPJ: '82950460000145'
f24883d4-456d-474c-932e-7125db88a962fornecedorfornecedor1817357.752024-03-0696a45dd0-76e6-4023-a4b1-c207e0870fddfornecedorfornecedor1619476.202024-03-062024-03-06 10:30:17 - Resultado para antecipada: '18'
2024-03-06 10:30:17 - Resultado para CNPJ: '82950460000145'
2024-03-06 10:30:17 - Resultado para antecipada: '16'
2024-03-06 10:30:17 - Resultado para CNPJ: '82950460000145'
d7ac1e77-e8ab-4dc8-84a5-d060056ae36afornecedorfornecedor47480.922024-03-212024-03-21 12:26:48 - Resultado para antecipada: '4'
2024-03-21 12:26:48 - Resultado para CNPJ: '78611928000108'
058250f0-2b92-49e4-9b2c-52b793738349fornecedorfornecedor318636.392024-03-212024-03-21 12:28:42 - Resultado para antecipada: '3'
2024-03-21 12:28:42 - Resultado para CNPJ: '78611928000108'
eff159d7-0997-460f-b63f-32b1472311e9fornecedorfornecedor5970.322024-03-212024-03-21 12:47:59 - Resultado para antecipada: '5'
2024-03-21 12:47:59 - Resultado para CNPJ: '31364985000168'
a54f9775-a662-45b5-bb30-e50bdc8263cafornecedorfornecedor63591.482024-03-212024-03-21 12:52:19 - Resultado para antecipada: '6'
2024-03-21 12:52:19 - Resultado para CNPJ: '07444289000187'
89f91812-2b77-499c-bebd-6316ebde70e6fornecedorfornecedor72398.532024-03-212024-03-21 12:56:41 - Resultado para antecipada: '7'
2024-03-21 12:56:41 - Resultado para CNPJ: '84584556001487'
bcb8d1cf-6d18-40cc-85c7-1291489c9c4cfornecedorfornecedor83591.482024-03-212024-03-21 13:17:05 - Resultado para antecipada: '8'
2024-03-21 13:17:05 - Resultado para CNPJ: '07444289000187'
08f02658-0605-4325-9535-c6d95ef86ef7fornecedorfornecedor121683.442024-03-212024-03-21 16:48:44 - Resultado para antecipada: '1'
2024-03-21 16:48:44 - Resultado para CNPJ: '78611928000108'
72154e1b-4f39-42e8-ad5b-a96e6deed388fornecedorfornecedor238100.832024-03-212024-03-21 16:52:06 - Resultado para antecipada: '2'
2024-03-21 16:52:06 - Resultado para CNPJ: '78611928000108'
589718b3-b92c-492d-aacd-5a05c94e0cc2fornecedorfornecedor425672.662024-03-212024-03-21 20:07:15 - Resultado para antecipada: '4'
2024-03-21 20:07:15 - Resultado para CNPJ: '78611928000108'
70829ae7-9239-4f36-9ac4-8bf640a3eb72fornecedorfornecedor149690.422024-03-272024-03-27 13:56:49 - Resultado para antecipada: '1'
2024-03-27 13:56:49 - Resultado para CNPJ: '32584472000125'
3f4b4677-edfb-477e-8f37-ab4857504a9efornecedorfornecedor249690.422024-03-272024-03-27 14:16:25 - Resultado para antecipada: '2'
2024-03-27 14:16:25 - Resultado para CNPJ: '32584472000125'
7f097493-0146-4f1b-815c-af25b61f463bfornecedorfornecedor184352.852024-03-302024-03-30 22:07:27 - Resultado para antecipada: '18'
2024-03-30 22:07:27 - Resultado para CNPJ: '08088938000893'
2c17cb51-f649-466a-b072-95ad59185c25fornecedorfornecedor221778.292024-04-012024-04-01 01:11:49 - Resultado para antecipada: '22'
2024-04-01 01:11:49 - Resultado para CNPJ: '08088938000893'
0b298b05-1e40-4660-8870-e9610d2b148dfornecedorfornecedor234359.002024-04-012024-04-01 01:17:00 - Resultado para antecipada: '23'
2024-04-01 01:17:00 - Resultado para CNPJ: '08088938000893'
f1390d8a-d779-43fb-a521-6006c47e5e27fornecedorfornecedor245334.872024-04-012024-04-01 01:19:18 - Resultado para antecipada: '24'
2024-04-01 01:19:18 - Resultado para CNPJ: '08088938000893'
58bde191-92e6-4d0b-a1e6-e6dd9dcce26cfornecedorfornecedor121256.092024-04-012024-04-01 20:26:22 - Resultado para antecipada: '12'
2024-04-01 20:26:22 - Resultado para CNPJ: '08088938000893'
75ba5904-b494-43b6-9e3e-aa53b5ac0691fornecedorfornecedor193747.822024-04-012024-04-01 23:27:16 - Resultado para antecipada: '19'
2024-04-01 23:27:16 - Resultado para CNPJ: '08088938000893'
3e4f3f08-aabd-41e4-a56a-0e6e8af76743fornecedorfornecedor11555.872024-04-022024-04-02 09:00:55 - Resultado para antecipada: '1'
2024-04-02 09:00:55 - Resultado para CNPJ: '08088938000893'
